<?xml version="1.0" encoding="UTF-8"?>
<!-- Generated by org.testng.reporters.JUnitReportReporter -->
<testsuite hostname="DESKTOP-D5PP251" failures="0" tests="6" name="test.TestSearch" time="357.384" errors="0" timestamp="2024-07-12T20:42:50 ICT" skipped="0">
  <testcase classname="test.TestSearch" name="testSearch" time="45.224"/>
  <testcase classname="test.TestSearch" name="testSearch" time="62.482"/>
  <testcase classname="test.TestSearch" name="testSearch" time="65.918"/>
  <testcase classname="test.TestSearch" name="testSearch" time="62.433"/>
  <testcase classname="test.TestSearch" name="testSearch" time="76.173"/>
  <testcase classname="test.TestSearch" name="testSearch" time="45.154"/>
</testsuite> <!-- test.TestSearch -->
