<?xml version="1.0" encoding="UTF-8"?>
<!-- Generated by org.testng.reporters.JUnitReportReporter -->
<testsuite hostname="DESKTOP-D5PP251" failures="0" tests="14" name="test.TestLogin" time="645.726" errors="0" timestamp="2024-07-06T21:35:38 ICT" skipped="0">
  <testcase classname="test.TestLogin" name="testLogin" time="60.714"/>
  <testcase classname="test.TestLogin" name="testLogin" time="21.357"/>
  <testcase classname="test.TestLogin" name="testLogin" time="19.168"/>
  <testcase classname="test.TestLogin" name="testLogin" time="18.359"/>
  <testcase classname="test.TestLogin" name="testLogin" time="63.571"/>
  <testcase classname="test.TestLogin" name="testLogin" time="59.007"/>
  <testcase classname="test.TestLogin" name="testLogin" time="60.079"/>
  <testcase classname="test.TestLogin" name="testLogin" time="65.962"/>
  <testcase classname="test.TestLogin" name="testLogin" time="60.252"/>
  <testcase classname="test.TestLogin" name="testLogin" time="24.189"/>
  <testcase classname="test.TestLogin" name="testLogin" time="22.856"/>
  <testcase classname="test.TestLogin" name="testLogin" time="57.133"/>
  <testcase classname="test.TestLogin" name="testLogin" time="56.327"/>
  <testcase classname="test.TestLogin" name="testLogin" time="56.752"/>
</testsuite> <!-- test.TestLogin -->
