<?xml version="1.0" encoding="UTF-8"?>
<!-- Generated by org.testng.reporters.JUnitReportReporter -->
<testsuite hostname="DESKTOP-D5PP251" failures="0" tests="22" name="test.TestRegister" time="494.793" errors="0" timestamp="2024-07-08T22:13:38 ICT" skipped="0">
  <testcase classname="test.TestRegister" name="testRegister" time="21.784"/>
  <testcase classname="test.TestRegister" name="testRegister" time="16.511"/>
  <testcase classname="test.TestRegister" name="testRegister" time="15.538"/>
  <testcase classname="test.TestRegister" name="testRegister" time="35.367"/>
  <testcase classname="test.TestRegister" name="testRegister" time="33.082"/>
  <testcase classname="test.TestRegister" name="testRegister" time="15.182"/>
  <testcase classname="test.TestRegister" name="testRegister" time="21.794"/>
  <testcase classname="test.TestRegister" name="testRegister" time="21.042"/>
  <testcase classname="test.TestRegister" name="testRegister" time="26.052"/>
  <testcase classname="test.TestRegister" name="testRegister" time="23.468"/>
  <testcase classname="test.TestRegister" name="testRegister" time="20.812"/>
  <testcase classname="test.TestRegister" name="testRegister" time="27.943"/>
  <testcase classname="test.TestRegister" name="testRegister" time="20.638"/>
  <testcase classname="test.TestRegister" name="testRegister" time="23.317"/>
  <testcase classname="test.TestRegister" name="testRegister" time="18.855"/>
  <testcase classname="test.TestRegister" name="testRegister" time="22.892"/>
  <testcase classname="test.TestRegister" name="testRegister" time="17.421"/>
  <testcase classname="test.TestRegister" name="testRegister" time="31.726"/>
  <testcase classname="test.TestRegister" name="testRegister" time="22.259"/>
  <testcase classname="test.TestRegister" name="testRegister" time="23.002"/>
  <testcase classname="test.TestRegister" name="testRegister" time="14.802"/>
  <testcase classname="test.TestRegister" name="testRegister" time="21.306"/>
</testsuite> <!-- test.TestRegister -->
